app/build/intermediates/manifest_merge_blame_file/debug/manifest-merger-blame-debug-report.txt
1<?xml version="1.0" encoding="utf-8"?>
2<manifest xmlns:android="http://schemas.android.com/apk/res/android"
3    package="io.github.azismihsan.uploads"
4    android:versionCode="1"
5    android:versionName="1.0" >
6
7    <uses-sdk
8        android:minSdkVersion="21"
8-->src/main/AndroidManifest.xml
9        android:targetSdkVersion="29" />
9-->src/main/AndroidManifest.xml
10
11    <uses-permission android:name="android.permission.INTERNET" />
11-->src/main/AndroidManifest.xml:5:5-66
11-->src/main/AndroidManifest.xml:5:22-64
12
13    <!-- Although the *SdkVersion is captured in gradle build files, this is required for non gradle builds -->
14    <!-- <uses-sdk android:minSdkVersion="14"/> -->
15    <uses-permission android:name="android.permission.ACCESS_NETWORK_STATE" />
15-->[com.google.firebase:firebase-database:19.2.0] AndroidManifest.xml:25:5-79
15-->[com.google.firebase:firebase-database:19.2.0] AndroidManifest.xml:25:22-76
16
17    <application
17-->src/main/AndroidManifest.xml:7:5-21:19
18        android:allowBackup="true"
18-->src/main/AndroidManifest.xml:8:9-35
19        android:appComponentFactory="androidx.core.app.CoreComponentFactory"
19-->[androidx.core:core:1.1.0] AndroidManifest.xml:24:18-86
20        android:debuggable="true"
21        android:icon="@mipmap/ic_launcher"
21-->src/main/AndroidManifest.xml:9:9-43
22        android:label="@string/app_name"
22-->src/main/AndroidManifest.xml:10:9-41
23        android:roundIcon="@mipmap/ic_launcher_round"
23-->src/main/AndroidManifest.xml:11:9-54
24        android:supportsRtl="true"
24-->src/main/AndroidManifest.xml:12:9-35
25        android:theme="@style/AppTheme" >
25-->src/main/AndroidManifest.xml:13:9-40
26        <activity android:name="io.github.azismihsan.uploads.MainActivity" >
26-->src/main/AndroidManifest.xml:14:9-20:20
26-->src/main/AndroidManifest.xml:14:19-47
27            <intent-filter>
27-->src/main/AndroidManifest.xml:15:13-19:29
28                <action android:name="android.intent.action.MAIN" />
28-->src/main/AndroidManifest.xml:16:17-69
28-->src/main/AndroidManifest.xml:16:25-66
29
30                <category android:name="android.intent.category.LAUNCHER" />
30-->src/main/AndroidManifest.xml:18:17-77
30-->src/main/AndroidManifest.xml:18:27-74
31            </intent-filter>
32        </activity>
33
34        <service
34-->[com.google.firebase:firebase-database:19.2.0] AndroidManifest.xml:29:9-35:19
35            android:name="com.google.firebase.components.ComponentDiscoveryService"
35-->[com.google.firebase:firebase-database:19.2.0] AndroidManifest.xml:30:13-84
36            android:directBootAware="true"
36-->[com.google.firebase:firebase-common:19.3.0] AndroidManifest.xml:34:13-43
37            android:exported="false" >
37-->[com.google.firebase:firebase-database:19.2.0] AndroidManifest.xml:31:13-37
38            <meta-data
38-->[com.google.firebase:firebase-database:19.2.0] AndroidManifest.xml:32:13-34:85
39                android:name="com.google.firebase.components:com.google.firebase.database.DatabaseRegistrar"
39-->[com.google.firebase:firebase-database:19.2.0] AndroidManifest.xml:33:17-109
40                android:value="com.google.firebase.components.ComponentRegistrar" />
40-->[com.google.firebase:firebase-database:19.2.0] AndroidManifest.xml:34:17-82
41            <meta-data
41-->[com.google.firebase:firebase-storage:19.1.0] AndroidManifest.xml:33:13-35:85
42                android:name="com.google.firebase.components:com.google.firebase.storage.StorageRegistrar"
42-->[com.google.firebase:firebase-storage:19.1.0] AndroidManifest.xml:34:17-107
43                android:value="com.google.firebase.components.ComponentRegistrar" />
43-->[com.google.firebase:firebase-storage:19.1.0] AndroidManifest.xml:35:17-82
44            <meta-data
44-->[com.google.firebase:firebase-auth:19.2.0] AndroidManifest.xml:36:13-38:85
45                android:name="com.google.firebase.components:com.google.firebase.auth.FirebaseAuthRegistrar"
45-->[com.google.firebase:firebase-auth:19.2.0] AndroidManifest.xml:37:17-109
46                android:value="com.google.firebase.components.ComponentRegistrar" />
46-->[com.google.firebase:firebase-auth:19.2.0] AndroidManifest.xml:38:17-82
47        </service>
48
49        <activity
49-->[com.google.firebase:firebase-auth:19.2.0] AndroidManifest.xml:24:9-31:50
50            android:name="com.google.firebase.auth.internal.FederatedSignInActivity"
50-->[com.google.firebase:firebase-auth:19.2.0] AndroidManifest.xml:25:13-85
51            android:excludeFromRecents="true"
51-->[com.google.firebase:firebase-auth:19.2.0] AndroidManifest.xml:26:13-46
52            android:exported="true"
52-->[com.google.firebase:firebase-auth:19.2.0] AndroidManifest.xml:27:13-36
53            android:launchMode="singleTask"
53-->[com.google.firebase:firebase-auth:19.2.0] AndroidManifest.xml:28:13-44
54            android:permission="com.google.firebase.auth.api.gms.permission.LAUNCH_FEDERATED_SIGN_IN"
54-->[com.google.firebase:firebase-auth:19.2.0] AndroidManifest.xml:29:13-102
55            android:theme="@android:style/Theme.Translucent.NoTitleBar" />
55-->[com.google.firebase:firebase-auth:19.2.0] AndroidManifest.xml:30:13-72
56        <activity
56-->[com.google.android.gms:play-services-base:17.1.0] AndroidManifest.xml:23:9-26:75
57            android:name="com.google.android.gms.common.api.GoogleApiActivity"
57-->[com.google.android.gms:play-services-base:17.1.0] AndroidManifest.xml:24:13-79
58            android:exported="false"
58-->[com.google.android.gms:play-services-base:17.1.0] AndroidManifest.xml:25:13-37
59            android:theme="@android:style/Theme.Translucent.NoTitleBar" />
59-->[com.google.android.gms:play-services-base:17.1.0] AndroidManifest.xml:26:13-72
60
61        <provider
61-->[com.google.firebase:firebase-common:19.3.0] AndroidManifest.xml:26:9-30:39
62            android:name="com.google.firebase.provider.FirebaseInitProvider"
62-->[com.google.firebase:firebase-common:19.3.0] AndroidManifest.xml:27:13-77
63            android:authorities="io.github.azismihsan.uploads.firebaseinitprovider"
63-->[com.google.firebase:firebase-common:19.3.0] AndroidManifest.xml:28:13-72
64            android:exported="false"
64-->[com.google.firebase:firebase-common:19.3.0] AndroidManifest.xml:29:13-37
65            android:initOrder="100" />
65-->[com.google.firebase:firebase-common:19.3.0] AndroidManifest.xml:30:13-36
66
67        <meta-data
67-->[com.google.android.gms:play-services-basement:17.0.0] AndroidManifest.xml:23:9-25:69
68            android:name="com.google.android.gms.version"
68-->[com.google.android.gms:play-services-basement:17.0.0] AndroidManifest.xml:24:13-58
69            android:value="@integer/google_play_services_version" />
69-->[com.google.android.gms:play-services-basement:17.0.0] AndroidManifest.xml:25:13-66
70    </application>
71
72</manifest>